<?xml version="1.0" encoding="UTF-8"?>
<testsuite name="me.serendipify.httpclient.SerendipifyMediatorHttpClientTest" tests="6" skipped="2" failures="2" errors="0" timestamp="2016-02-12T04:07:56" hostname="janka" time="14.539">
  <properties/>
  <testcase name="testThatRetrieveAnalyticsWorks" classname="me.serendipify.httpclient.SerendipifyMediatorHttpClientTest" time="0.0">
    <skipped/>
  </testcase>
  <testcase name="testThatCreateGroupWorks" classname="me.serendipify.httpclient.SerendipifyMediatorHttpClientTest" time="1.872"/>
  <testcase name="testThatRetrievePreferencesWorks" classname="me.serendipify.httpclient.SerendipifyMediatorHttpClientTest" time="0.0">
    <skipped/>
  </testcase>
  <testcase name="testThatPreferencesWorks" classname="me.serendipify.httpclient.SerendipifyMediatorHttpClientTest" time="11.162">
    <failure message="me.serendipify.SerendipifyException: Failed to retrieve preferences. Error was FAILED" type="me.serendipify.SerendipifyException">me.serendipify.SerendipifyException: Failed to retrieve preferences. Error was FAILED
	at me.serendipify.httpclient.SerendipifyMediatorHttpClientImpl.retrievePreferences(SerendipifyMediatorHttpClientImpl.java:126)
	at me.serendipify.httpclient.SerendipifyMediatorHttpClientTest.testThatPreferencesWorks(SerendipifyMediatorHttpClientTest.java:94)
	at sun.reflect.NativeMethodAccessorImpl.invoke0(Native Method)
	at sun.reflect.NativeMethodAccessorImpl.invoke(NativeMethodAccessorImpl.java:62)
	at sun.reflect.DelegatingMethodAccessorImpl.invoke(DelegatingMethodAccessorImpl.java:43)
	at java.lang.reflect.Method.invoke(Method.java:497)
	at org.junit.runners.model.FrameworkMethod$1.runReflectiveCall(FrameworkMethod.java:47)
	at org.junit.internal.runners.model.ReflectiveCallable.run(ReflectiveCallable.java:12)
	at org.junit.runners.model.FrameworkMethod.invokeExplosively(FrameworkMethod.java:44)
	at org.junit.internal.runners.statements.InvokeMethod.evaluate(InvokeMethod.java:17)
	at org.junit.internal.runners.statements.RunBefores.evaluate(RunBefores.java:26)
	at org.junit.runners.ParentRunner.runLeaf(ParentRunner.java:271)
	at org.junit.runners.BlockJUnit4ClassRunner.runChild(BlockJUnit4ClassRunner.java:70)
	at org.junit.runners.BlockJUnit4ClassRunner.runChild(BlockJUnit4ClassRunner.java:50)
	at org.junit.runners.ParentRunner$3.run(ParentRunner.java:238)
	at org.junit.runners.ParentRunner$1.schedule(ParentRunner.java:63)
	at org.junit.runners.ParentRunner.runChildren(ParentRunner.java:236)
	at org.junit.runners.ParentRunner.access$000(ParentRunner.java:53)
	at org.junit.runners.ParentRunner$2.evaluate(ParentRunner.java:229)
	at org.junit.runners.ParentRunner.run(ParentRunner.java:309)
	at org.gradle.api.internal.tasks.testing.junit.JUnitTestClassExecuter.runTestClass(JUnitTestClassExecuter.java:105)
	at org.gradle.api.internal.tasks.testing.junit.JUnitTestClassExecuter.execute(JUnitTestClassExecuter.java:56)
	at org.gradle.api.internal.tasks.testing.junit.JUnitTestClassProcessor.processTestClass(JUnitTestClassProcessor.java:64)
	at org.gradle.api.internal.tasks.testing.SuiteTestClassProcessor.processTestClass(SuiteTestClassProcessor.java:50)
	at sun.reflect.NativeMethodAccessorImpl.invoke0(Native Method)
	at sun.reflect.NativeMethodAccessorImpl.invoke(NativeMethodAccessorImpl.java:62)
	at sun.reflect.DelegatingMethodAccessorImpl.invoke(DelegatingMethodAccessorImpl.java:43)
	at java.lang.reflect.Method.invoke(Method.java:497)
	at org.gradle.messaging.dispatch.ReflectionDispatch.dispatch(ReflectionDispatch.java:35)
	at org.gradle.messaging.dispatch.ReflectionDispatch.dispatch(ReflectionDispatch.java:24)
	at org.gradle.messaging.dispatch.ContextClassLoaderDispatch.dispatch(ContextClassLoaderDispatch.java:32)
	at org.gradle.messaging.dispatch.ProxyDispatchAdapter$DispatchingInvocationHandler.invoke(ProxyDispatchAdapter.java:93)
	at com.sun.proxy.$Proxy2.processTestClass(Unknown Source)
	at org.gradle.api.internal.tasks.testing.worker.TestWorker.processTestClass(TestWorker.java:106)
	at sun.reflect.NativeMethodAccessorImpl.invoke0(Native Method)
	at sun.reflect.NativeMethodAccessorImpl.invoke(NativeMethodAccessorImpl.java:62)
	at sun.reflect.DelegatingMethodAccessorImpl.invoke(DelegatingMethodAccessorImpl.java:43)
	at java.lang.reflect.Method.invoke(Method.java:497)
	at org.gradle.messaging.dispatch.ReflectionDispatch.dispatch(ReflectionDispatch.java:35)
	at org.gradle.messaging.dispatch.ReflectionDispatch.dispatch(ReflectionDispatch.java:24)
	at org.gradle.messaging.remote.internal.hub.MessageHub$Handler.run(MessageHub.java:360)
	at org.gradle.internal.concurrent.ExecutorPolicy$CatchAndRecordFailures.onExecute(ExecutorPolicy.java:54)
	at org.gradle.internal.concurrent.StoppableExecutorImpl$1.run(StoppableExecutorImpl.java:40)
	at java.util.concurrent.ThreadPoolExecutor.runWorker(ThreadPoolExecutor.java:1142)
	at java.util.concurrent.ThreadPoolExecutor$Worker.run(ThreadPoolExecutor.java:617)
	at java.lang.Thread.run(Thread.java:745)
</failure>
  </testcase>
  <testcase name="testThatAddingAUserWorks" classname="me.serendipify.httpclient.SerendipifyMediatorHttpClientTest" time="0.823"/>
  <testcase name="testThatUserWorkflowWorks" classname="me.serendipify.httpclient.SerendipifyMediatorHttpClientTest" time="0.677">
    <failure message="me.serendipify.SerendipifyException: Failed to retrieve preferences. Error was FAILED" type="me.serendipify.SerendipifyException">me.serendipify.SerendipifyException: Failed to retrieve preferences. Error was FAILED
	at me.serendipify.httpclient.SerendipifyMediatorHttpClientImpl.retrievePreferences(SerendipifyMediatorHttpClientImpl.java:126)
	at me.serendipify.httpclient.SerendipifyMediatorHttpClientTest.testThatUserWorkflowWorks(SerendipifyMediatorHttpClientTest.java:111)
	at sun.reflect.NativeMethodAccessorImpl.invoke0(Native Method)
	at sun.reflect.NativeMethodAccessorImpl.invoke(NativeMethodAccessorImpl.java:62)
	at sun.reflect.DelegatingMethodAccessorImpl.invoke(DelegatingMethodAccessorImpl.java:43)
	at java.lang.reflect.Method.invoke(Method.java:497)
	at org.junit.runners.model.FrameworkMethod$1.runReflectiveCall(FrameworkMethod.java:47)
	at org.junit.internal.runners.model.ReflectiveCallable.run(ReflectiveCallable.java:12)
	at org.junit.runners.model.FrameworkMethod.invokeExplosively(FrameworkMethod.java:44)
	at org.junit.internal.runners.statements.InvokeMethod.evaluate(InvokeMethod.java:17)
	at org.junit.internal.runners.statements.RunBefores.evaluate(RunBefores.java:26)
	at org.junit.runners.ParentRunner.runLeaf(ParentRunner.java:271)
	at org.junit.runners.BlockJUnit4ClassRunner.runChild(BlockJUnit4ClassRunner.java:70)
	at org.junit.runners.BlockJUnit4ClassRunner.runChild(BlockJUnit4ClassRunner.java:50)
	at org.junit.runners.ParentRunner$3.run(ParentRunner.java:238)
	at org.junit.runners.ParentRunner$1.schedule(ParentRunner.java:63)
	at org.junit.runners.ParentRunner.runChildren(ParentRunner.java:236)
	at org.junit.runners.ParentRunner.access$000(ParentRunner.java:53)
	at org.junit.runners.ParentRunner$2.evaluate(ParentRunner.java:229)
	at org.junit.runners.ParentRunner.run(ParentRunner.java:309)
	at org.gradle.api.internal.tasks.testing.junit.JUnitTestClassExecuter.runTestClass(JUnitTestClassExecuter.java:105)
	at org.gradle.api.internal.tasks.testing.junit.JUnitTestClassExecuter.execute(JUnitTestClassExecuter.java:56)
	at org.gradle.api.internal.tasks.testing.junit.JUnitTestClassProcessor.processTestClass(JUnitTestClassProcessor.java:64)
	at org.gradle.api.internal.tasks.testing.SuiteTestClassProcessor.processTestClass(SuiteTestClassProcessor.java:50)
	at sun.reflect.NativeMethodAccessorImpl.invoke0(Native Method)
	at sun.reflect.NativeMethodAccessorImpl.invoke(NativeMethodAccessorImpl.java:62)
	at sun.reflect.DelegatingMethodAccessorImpl.invoke(DelegatingMethodAccessorImpl.java:43)
	at java.lang.reflect.Method.invoke(Method.java:497)
	at org.gradle.messaging.dispatch.ReflectionDispatch.dispatch(ReflectionDispatch.java:35)
	at org.gradle.messaging.dispatch.ReflectionDispatch.dispatch(ReflectionDispatch.java:24)
	at org.gradle.messaging.dispatch.ContextClassLoaderDispatch.dispatch(ContextClassLoaderDispatch.java:32)
	at org.gradle.messaging.dispatch.ProxyDispatchAdapter$DispatchingInvocationHandler.invoke(ProxyDispatchAdapter.java:93)
	at com.sun.proxy.$Proxy2.processTestClass(Unknown Source)
	at org.gradle.api.internal.tasks.testing.worker.TestWorker.processTestClass(TestWorker.java:106)
	at sun.reflect.NativeMethodAccessorImpl.invoke0(Native Method)
	at sun.reflect.NativeMethodAccessorImpl.invoke(NativeMethodAccessorImpl.java:62)
	at sun.reflect.DelegatingMethodAccessorImpl.invoke(DelegatingMethodAccessorImpl.java:43)
	at java.lang.reflect.Method.invoke(Method.java:497)
	at org.gradle.messaging.dispatch.ReflectionDispatch.dispatch(ReflectionDispatch.java:35)
	at org.gradle.messaging.dispatch.ReflectionDispatch.dispatch(ReflectionDispatch.java:24)
	at org.gradle.messaging.remote.internal.hub.MessageHub$Handler.run(MessageHub.java:360)
	at org.gradle.internal.concurrent.ExecutorPolicy$CatchAndRecordFailures.onExecute(ExecutorPolicy.java:54)
	at org.gradle.internal.concurrent.StoppableExecutorImpl$1.run(StoppableExecutorImpl.java:40)
	at java.util.concurrent.ThreadPoolExecutor.runWorker(ThreadPoolExecutor.java:1142)
	at java.util.concurrent.ThreadPoolExecutor$Worker.run(ThreadPoolExecutor.java:617)
	at java.lang.Thread.run(Thread.java:745)
</failure>
  </testcase>
  <system-out><![CDATA[]]></system-out>
  <system-err><![CDATA[38 [Test worker] INFO me.serendipify.httpclient.SerendipifyMediatorHttpClientImpl - Executing: http://api-dot-serendipify-me.appspot.com/api/group?createNewGroup=&groupName=1e99d243-fabd-4b86-b697-c14ae11c10d6&groupOwnerEmail=test@test.com
764 [Test worker] INFO me.serendipify.httpclient.SerendipifyMediatorHttpClientImpl - { "createNewGroup":"OK",  "groupName":"http://api-dot-serendipify-me.appspot.com/api/group?getGroupAnalytics=&groupName=1e99d243-fabd-4b86-b697-c14ae11c10d6&groupSession=39b55123-b117-4d17-a9cb-b41d7cfa4ae6"}
783 [Test worker] INFO me.serendipify.httpclient.SerendipifyMediatorHttpClientTest - New session id is 39b55123-b117-4d17-a9cb-b41d7cfa4ae6
1783 [Test worker] INFO me.serendipify.httpclient.SerendipifyMediatorHttpClientImpl - Executing: http://api-dot-serendipify-me.appspot.com/api/group?createNewGroup=&groupName=1e99d243-fabd-4b86-b697-c14ae11c10d6&groupOwnerEmail=test@test.com
1871 [Test worker] INFO me.serendipify.httpclient.SerendipifyMediatorHttpClientImpl - { "createNewGroup":"FAILED",  "errorMessage":"Group name already in use"}
1871 [Test worker] INFO me.serendipify.httpclient.SerendipifyMediatorHttpClientTest - Exepected failure: Group name already in use
1872 [Test worker] INFO me.serendipify.httpclient.SerendipifyMediatorHttpClientImpl - Executing: http://api-dot-serendipify-me.appspot.com/api/group?createNewGroup=&groupName=d73bab66-2446-4b6b-a244-4b13ec907a60&groupOwnerEmail=test@test.com
2167 [Test worker] INFO me.serendipify.httpclient.SerendipifyMediatorHttpClientImpl - { "createNewGroup":"OK",  "groupName":"http://api-dot-serendipify-me.appspot.com/api/group?getGroupAnalytics=&groupName=d73bab66-2446-4b6b-a244-4b13ec907a60&groupSession=9b71a640-ec61-4a58-ba91-245bd14bad5d"}
2167 [Test worker] INFO me.serendipify.httpclient.SerendipifyMediatorHttpClientImpl - Executing: http://api-dot-serendipify-me.appspot.com/api/group?addUser=&groupName=d73bab66-2446-4b6b-a244-4b13ec907a60&groupSession=9b71a640-ec61-4a58-ba91-245bd14bad5d&userContact=test2@test.com
2609 [Test worker] INFO me.serendipify.httpclient.SerendipifyMediatorHttpClientImpl - { "addUser":"OK ", "userName":"http://api-dot-serendipify-me.appspot.com/api/user?getPrefsForGroup=&groupName=d73bab66-2446-4b6b-a244-4b13ec907a60&groupSession=0ef0e928-943f-4698-884d-0d3f5da52a7b"}
2615 [Test worker] INFO me.serendipify.httpclient.SerendipifyMediatorHttpClientImpl - Executing: http://api-dot-serendipify-me.appspot.com/api/user?setPrefsForGroup=&groupName=d73bab66-2446-4b6b-a244-4b13ec907a60&userSession=0ef0e928-943f-4698-884d-0d3f5da52a7b&prefList=serendipify
12940 [Test worker] INFO me.serendipify.httpclient.SerendipifyMediatorHttpClientImpl - { "setPrefsForGroup":"OK",  "prefs":"http://api-dot-serendipify-me.appspot.com/api/user?getMatchesForGroup=&groupName=d73bab66-2446-4b6b-a244-4b13ec907a60&userSession=0ef0e928-943f-4698-884d-0d3f5da52a7b"}
12941 [Test worker] INFO me.serendipify.httpclient.SerendipifyMediatorHttpClientImpl - OK
12941 [Test worker] INFO me.serendipify.httpclient.SerendipifyMediatorHttpClientImpl - http://api-dot-serendipify-me.appspot.com/api/user?getMatchesForGroup=&groupName=d73bab66-2446-4b6b-a244-4b13ec907a60&userSession=0ef0e928-943f-4698-884d-0d3f5da52a7b
12941 [Test worker] INFO me.serendipify.httpclient.SerendipifyMediatorHttpClientImpl - Executing: http://api-dot-serendipify-me.appspot.com/api/user?getPrefsForGroup=&groupName=d73bab66-2446-4b6b-a244-4b13ec907a60&userSession=0ef0e928-943f-4698-884d-0d3f5da52a7b
13030 [Test worker] INFO me.serendipify.httpclient.SerendipifyMediatorHttpClientImpl - { "getPrefsForGroup":"FAILED",  "errorMessage":"Not a member of groupd73bab66-2446-4b6b-a244-4b13ec907a60"}
13032 [Test worker] INFO me.serendipify.httpclient.SerendipifyMediatorHttpClientImpl - me.serendipify.httpclient.GetPrefsResult@56188111
13035 [Test worker] INFO me.serendipify.httpclient.SerendipifyMediatorHttpClientImpl - Executing: http://api-dot-serendipify-me.appspot.com/api/group?createNewGroup=&groupName=9b6dc154-0a61-42d4-bae8-c7f68ef82aed&groupOwnerEmail=test@test.com
13220 [Test worker] INFO me.serendipify.httpclient.SerendipifyMediatorHttpClientImpl - { "createNewGroup":"OK",  "groupName":"http://api-dot-serendipify-me.appspot.com/api/group?getGroupAnalytics=&groupName=9b6dc154-0a61-42d4-bae8-c7f68ef82aed&groupSession=7b0c662c-7942-44f9-aeb4-2c6b9f783328"}
13220 [Test worker] INFO me.serendipify.httpclient.SerendipifyMediatorHttpClientImpl - Executing: http://api-dot-serendipify-me.appspot.com/api/group?addUser=&groupName=9b6dc154-0a61-42d4-bae8-c7f68ef82aed&groupSession=7b0c662c-7942-44f9-aeb4-2c6b9f783328&userContact=test2@test.com
13611 [Test worker] INFO me.serendipify.httpclient.SerendipifyMediatorHttpClientImpl - { "addUser":"OK ", "userName":"http://api-dot-serendipify-me.appspot.com/api/user?getPrefsForGroup=&groupName=9b6dc154-0a61-42d4-bae8-c7f68ef82aed&groupSession=3c805815-287c-43b1-84f0-a446327cb40e"}
13612 [Test worker] INFO me.serendipify.httpclient.SerendipifyMediatorHttpClientImpl - Executing: http://api-dot-serendipify-me.appspot.com/api/group?addUser=&groupName=9b6dc154-0a61-42d4-bae8-c7f68ef82aed&groupSession=7b0c662c-7942-44f9-aeb4-2c6b9f783328&userContact=test2@test.com
13857 [Test worker] INFO me.serendipify.httpclient.SerendipifyMediatorHttpClientImpl - { "addUser":"OK ", "userName":"http://api-dot-serendipify-me.appspot.com/api/user?getPrefsForGroup=&groupName=9b6dc154-0a61-42d4-bae8-c7f68ef82aed&groupSession=c068b094-9e70-4fe9-b98f-8d6c58002463"}
13858 [Test worker] INFO me.serendipify.httpclient.SerendipifyMediatorHttpClientImpl - Executing: http://api-dot-serendipify-me.appspot.com/api/group?createNewGroup=&groupName=9caa62a8-53d5-434f-91b5-9dd9999fab56&groupOwnerEmail=test@test.com
14022 [Test worker] INFO me.serendipify.httpclient.SerendipifyMediatorHttpClientImpl - { "createNewGroup":"OK",  "groupName":"http://api-dot-serendipify-me.appspot.com/api/group?getGroupAnalytics=&groupName=9caa62a8-53d5-434f-91b5-9dd9999fab56&groupSession=b67773e4-8125-4e21-8025-9fa0c270c1f5"}
14023 [Test worker] INFO me.serendipify.httpclient.SerendipifyMediatorHttpClientImpl - Executing: http://api-dot-serendipify-me.appspot.com/api/group?addUser=&groupName=9caa62a8-53d5-434f-91b5-9dd9999fab56&groupSession=b67773e4-8125-4e21-8025-9fa0c270c1f5&userContact=test2@test.com
14237 [Test worker] INFO me.serendipify.httpclient.SerendipifyMediatorHttpClientImpl - { "addUser":"OK ", "userName":"http://api-dot-serendipify-me.appspot.com/api/user?getPrefsForGroup=&groupName=9caa62a8-53d5-434f-91b5-9dd9999fab56&groupSession=afa52a95-cd5b-4f3d-a26c-2cf27d313d42"}
14238 [Test worker] INFO me.serendipify.httpclient.SerendipifyMediatorHttpClientImpl - Executing: http://api-dot-serendipify-me.appspot.com/api/user?setPrefsForGroup=&groupName=9caa62a8-53d5-434f-91b5-9dd9999fab56&userSession=afa52a95-cd5b-4f3d-a26c-2cf27d313d42&prefList=serendipify
14458 [Test worker] INFO me.serendipify.httpclient.SerendipifyMediatorHttpClientImpl - { "setPrefsForGroup":"OK",  "prefs":"http://api-dot-serendipify-me.appspot.com/api/user?getMatchesForGroup=&groupName=9caa62a8-53d5-434f-91b5-9dd9999fab56&userSession=afa52a95-cd5b-4f3d-a26c-2cf27d313d42"}
14458 [Test worker] INFO me.serendipify.httpclient.SerendipifyMediatorHttpClientImpl - OK
14458 [Test worker] INFO me.serendipify.httpclient.SerendipifyMediatorHttpClientImpl - http://api-dot-serendipify-me.appspot.com/api/user?getMatchesForGroup=&groupName=9caa62a8-53d5-434f-91b5-9dd9999fab56&userSession=afa52a95-cd5b-4f3d-a26c-2cf27d313d42
14458 [Test worker] INFO me.serendipify.httpclient.SerendipifyMediatorHttpClientImpl - Executing: http://api-dot-serendipify-me.appspot.com/api/user?getPrefsForGroup=&groupName=9caa62a8-53d5-434f-91b5-9dd9999fab56&userSession=afa52a95-cd5b-4f3d-a26c-2cf27d313d42
14533 [Test worker] INFO me.serendipify.httpclient.SerendipifyMediatorHttpClientImpl - { "getPrefsForGroup":"FAILED",  "errorMessage":"Not a member of group9caa62a8-53d5-434f-91b5-9dd9999fab56"}
14534 [Test worker] INFO me.serendipify.httpclient.SerendipifyMediatorHttpClientImpl - me.serendipify.httpclient.GetPrefsResult@51f36893
]]></system-err>
</testsuite>
