<?xml version="1.0" encoding="UTF-8"?>
<testsuite name="me.serendipify.httpclient.SerendipifyMediatorHttpClientTest" tests="6" skipped="2" failures="2" errors="0" timestamp="2016-02-12T03:43:34" hostname="janka" time="14.206">
  <properties/>
  <testcase name="testThatRetrieveAnalyticsWorks" classname="me.serendipify.httpclient.SerendipifyMediatorHttpClientTest" time="0.0">
    <skipped/>
  </testcase>
  <testcase name="testThatCreateGroupWorks" classname="me.serendipify.httpclient.SerendipifyMediatorHttpClientTest" time="9.912"/>
  <testcase name="testThatRetrievePreferencesWorks" classname="me.serendipify.httpclient.SerendipifyMediatorHttpClientTest" time="0.0">
    <skipped/>
  </testcase>
  <testcase name="testThatPreferencesWorks" classname="me.serendipify.httpclient.SerendipifyMediatorHttpClientTest" time="1.852">
    <failure message="me.serendipify.SerendipifyException: Failed to retrieve preferences. Error was FAILED" type="me.serendipify.SerendipifyException">me.serendipify.SerendipifyException: Failed to retrieve preferences. Error was FAILED
	at me.serendipify.httpclient.SerendipifyMediatorHttpClientImpl.retrievePreferences(SerendipifyMediatorHttpClientImpl.java:126)
	at me.serendipify.httpclient.SerendipifyMediatorHttpClientTest.testThatPreferencesWorks(SerendipifyMediatorHttpClientTest.java:94)
	at sun.reflect.NativeMethodAccessorImpl.invoke0(Native Method)
	at sun.reflect.NativeMethodAccessorImpl.invoke(NativeMethodAccessorImpl.java:62)
	at sun.reflect.DelegatingMethodAccessorImpl.invoke(DelegatingMethodAccessorImpl.java:43)
	at java.lang.reflect.Method.invoke(Method.java:497)
	at org.junit.runners.model.FrameworkMethod$1.runReflectiveCall(FrameworkMethod.java:47)
	at org.junit.internal.runners.model.ReflectiveCallable.run(ReflectiveCallable.java:12)
	at org.junit.runners.model.FrameworkMethod.invokeExplosively(FrameworkMethod.java:44)
	at org.junit.internal.runners.statements.InvokeMethod.evaluate(InvokeMethod.java:17)
	at org.junit.internal.runners.statements.RunBefores.evaluate(RunBefores.java:26)
	at org.junit.runners.ParentRunner.runLeaf(ParentRunner.java:271)
	at org.junit.runners.BlockJUnit4ClassRunner.runChild(BlockJUnit4ClassRunner.java:70)
	at org.junit.runners.BlockJUnit4ClassRunner.runChild(BlockJUnit4ClassRunner.java:50)
	at org.junit.runners.ParentRunner$3.run(ParentRunner.java:238)
	at org.junit.runners.ParentRunner$1.schedule(ParentRunner.java:63)
	at org.junit.runners.ParentRunner.runChildren(ParentRunner.java:236)
	at org.junit.runners.ParentRunner.access$000(ParentRunner.java:53)
	at org.junit.runners.ParentRunner$2.evaluate(ParentRunner.java:229)
	at org.junit.runners.ParentRunner.run(ParentRunner.java:309)
	at org.gradle.api.internal.tasks.testing.junit.JUnitTestClassExecuter.runTestClass(JUnitTestClassExecuter.java:105)
	at org.gradle.api.internal.tasks.testing.junit.JUnitTestClassExecuter.execute(JUnitTestClassExecuter.java:56)
	at org.gradle.api.internal.tasks.testing.junit.JUnitTestClassProcessor.processTestClass(JUnitTestClassProcessor.java:64)
	at org.gradle.api.internal.tasks.testing.SuiteTestClassProcessor.processTestClass(SuiteTestClassProcessor.java:50)
	at sun.reflect.NativeMethodAccessorImpl.invoke0(Native Method)
	at sun.reflect.NativeMethodAccessorImpl.invoke(NativeMethodAccessorImpl.java:62)
	at sun.reflect.DelegatingMethodAccessorImpl.invoke(DelegatingMethodAccessorImpl.java:43)
	at java.lang.reflect.Method.invoke(Method.java:497)
	at org.gradle.messaging.dispatch.ReflectionDispatch.dispatch(ReflectionDispatch.java:35)
	at org.gradle.messaging.dispatch.ReflectionDispatch.dispatch(ReflectionDispatch.java:24)
	at org.gradle.messaging.dispatch.ContextClassLoaderDispatch.dispatch(ContextClassLoaderDispatch.java:32)
	at org.gradle.messaging.dispatch.ProxyDispatchAdapter$DispatchingInvocationHandler.invoke(ProxyDispatchAdapter.java:93)
	at com.sun.proxy.$Proxy2.processTestClass(Unknown Source)
	at org.gradle.api.internal.tasks.testing.worker.TestWorker.processTestClass(TestWorker.java:106)
	at sun.reflect.NativeMethodAccessorImpl.invoke0(Native Method)
	at sun.reflect.NativeMethodAccessorImpl.invoke(NativeMethodAccessorImpl.java:62)
	at sun.reflect.DelegatingMethodAccessorImpl.invoke(DelegatingMethodAccessorImpl.java:43)
	at java.lang.reflect.Method.invoke(Method.java:497)
	at org.gradle.messaging.dispatch.ReflectionDispatch.dispatch(ReflectionDispatch.java:35)
	at org.gradle.messaging.dispatch.ReflectionDispatch.dispatch(ReflectionDispatch.java:24)
	at org.gradle.messaging.remote.internal.hub.MessageHub$Handler.run(MessageHub.java:360)
	at org.gradle.internal.concurrent.ExecutorPolicy$CatchAndRecordFailures.onExecute(ExecutorPolicy.java:54)
	at org.gradle.internal.concurrent.StoppableExecutorImpl$1.run(StoppableExecutorImpl.java:40)
	at java.util.concurrent.ThreadPoolExecutor.runWorker(ThreadPoolExecutor.java:1142)
	at java.util.concurrent.ThreadPoolExecutor$Worker.run(ThreadPoolExecutor.java:617)
	at java.lang.Thread.run(Thread.java:745)
</failure>
  </testcase>
  <testcase name="testThatAddingAUserWorks" classname="me.serendipify.httpclient.SerendipifyMediatorHttpClientTest" time="1.14"/>
  <testcase name="testThatUserWorkflowWorks" classname="me.serendipify.httpclient.SerendipifyMediatorHttpClientTest" time="1.294">
    <failure message="me.serendipify.SerendipifyException: com.google.gson.stream.MalformedJsonException: Unterminated object near OK&quot;,  &quot;matches&quot;:&quot;{&quot;serendipify&quot;:[]}&quot;}" type="me.serendipify.SerendipifyException">me.serendipify.SerendipifyException: com.google.gson.stream.MalformedJsonException: Unterminated object near OK&quot;,  &quot;matches&quot;:&quot;{&quot;serendipify&quot;:[]}&quot;}
	at me.serendipify.httpclient.SerendipifyMediatorHttpClientImpl.retrieveMatchingUsers(SerendipifyMediatorHttpClientImpl.java:176)
	at me.serendipify.httpclient.SerendipifyMediatorHttpClientTest.testThatUserWorkflowWorks(SerendipifyMediatorHttpClientTest.java:114)
	at sun.reflect.NativeMethodAccessorImpl.invoke0(Native Method)
	at sun.reflect.NativeMethodAccessorImpl.invoke(NativeMethodAccessorImpl.java:62)
	at sun.reflect.DelegatingMethodAccessorImpl.invoke(DelegatingMethodAccessorImpl.java:43)
	at java.lang.reflect.Method.invoke(Method.java:497)
	at org.junit.runners.model.FrameworkMethod$1.runReflectiveCall(FrameworkMethod.java:47)
	at org.junit.internal.runners.model.ReflectiveCallable.run(ReflectiveCallable.java:12)
	at org.junit.runners.model.FrameworkMethod.invokeExplosively(FrameworkMethod.java:44)
	at org.junit.internal.runners.statements.InvokeMethod.evaluate(InvokeMethod.java:17)
	at org.junit.internal.runners.statements.RunBefores.evaluate(RunBefores.java:26)
	at org.junit.runners.ParentRunner.runLeaf(ParentRunner.java:271)
	at org.junit.runners.BlockJUnit4ClassRunner.runChild(BlockJUnit4ClassRunner.java:70)
	at org.junit.runners.BlockJUnit4ClassRunner.runChild(BlockJUnit4ClassRunner.java:50)
	at org.junit.runners.ParentRunner$3.run(ParentRunner.java:238)
	at org.junit.runners.ParentRunner$1.schedule(ParentRunner.java:63)
	at org.junit.runners.ParentRunner.runChildren(ParentRunner.java:236)
	at org.junit.runners.ParentRunner.access$000(ParentRunner.java:53)
	at org.junit.runners.ParentRunner$2.evaluate(ParentRunner.java:229)
	at org.junit.runners.ParentRunner.run(ParentRunner.java:309)
	at org.gradle.api.internal.tasks.testing.junit.JUnitTestClassExecuter.runTestClass(JUnitTestClassExecuter.java:105)
	at org.gradle.api.internal.tasks.testing.junit.JUnitTestClassExecuter.execute(JUnitTestClassExecuter.java:56)
	at org.gradle.api.internal.tasks.testing.junit.JUnitTestClassProcessor.processTestClass(JUnitTestClassProcessor.java:64)
	at org.gradle.api.internal.tasks.testing.SuiteTestClassProcessor.processTestClass(SuiteTestClassProcessor.java:50)
	at sun.reflect.NativeMethodAccessorImpl.invoke0(Native Method)
	at sun.reflect.NativeMethodAccessorImpl.invoke(NativeMethodAccessorImpl.java:62)
	at sun.reflect.DelegatingMethodAccessorImpl.invoke(DelegatingMethodAccessorImpl.java:43)
	at java.lang.reflect.Method.invoke(Method.java:497)
	at org.gradle.messaging.dispatch.ReflectionDispatch.dispatch(ReflectionDispatch.java:35)
	at org.gradle.messaging.dispatch.ReflectionDispatch.dispatch(ReflectionDispatch.java:24)
	at org.gradle.messaging.dispatch.ContextClassLoaderDispatch.dispatch(ContextClassLoaderDispatch.java:32)
	at org.gradle.messaging.dispatch.ProxyDispatchAdapter$DispatchingInvocationHandler.invoke(ProxyDispatchAdapter.java:93)
	at com.sun.proxy.$Proxy2.processTestClass(Unknown Source)
	at org.gradle.api.internal.tasks.testing.worker.TestWorker.processTestClass(TestWorker.java:106)
	at sun.reflect.NativeMethodAccessorImpl.invoke0(Native Method)
	at sun.reflect.NativeMethodAccessorImpl.invoke(NativeMethodAccessorImpl.java:62)
	at sun.reflect.DelegatingMethodAccessorImpl.invoke(DelegatingMethodAccessorImpl.java:43)
	at java.lang.reflect.Method.invoke(Method.java:497)
	at org.gradle.messaging.dispatch.ReflectionDispatch.dispatch(ReflectionDispatch.java:35)
	at org.gradle.messaging.dispatch.ReflectionDispatch.dispatch(ReflectionDispatch.java:24)
	at org.gradle.messaging.remote.internal.hub.MessageHub$Handler.run(MessageHub.java:360)
	at org.gradle.internal.concurrent.ExecutorPolicy$CatchAndRecordFailures.onExecute(ExecutorPolicy.java:54)
	at org.gradle.internal.concurrent.StoppableExecutorImpl$1.run(StoppableExecutorImpl.java:40)
	at java.util.concurrent.ThreadPoolExecutor.runWorker(ThreadPoolExecutor.java:1142)
	at java.util.concurrent.ThreadPoolExecutor$Worker.run(ThreadPoolExecutor.java:617)
	at java.lang.Thread.run(Thread.java:745)
Caused by: com.google.gson.JsonSyntaxException: com.google.gson.stream.MalformedJsonException: Unterminated object near OK&quot;,  &quot;matches&quot;:&quot;{&quot;serendipify&quot;:[]}&quot;}
	at com.google.gson.Streams.parse(Streams.java:51)
	at com.google.gson.Gson.fromJson(Gson.java:497)
	at com.google.gson.Gson.fromJson(Gson.java:467)
	at com.google.gson.Gson.fromJson(Gson.java:417)
	at com.google.gson.Gson.fromJson(Gson.java:389)
	at me.serendipify.httpclient.SerendipifyMediatorHttpClientImpl.retrieveMatchingUsers(SerendipifyMediatorHttpClientImpl.java:169)
	... 45 more
Caused by: com.google.gson.stream.MalformedJsonException: Unterminated object near OK&quot;,  &quot;matches&quot;:&quot;{&quot;serendipify&quot;:[]}&quot;}
	at com.google.gson.stream.JsonReader.syntaxError(JsonReader.java:1111)
	at com.google.gson.stream.JsonReader.nextInObject(JsonReader.java:737)
	at com.google.gson.stream.JsonReader.quickPeek(JsonReader.java:379)
	at com.google.gson.stream.JsonReader.hasNext(JsonReader.java:332)
	at com.google.gson.Streams.parseRecursive(Streams.java:82)
	at com.google.gson.Streams.parse(Streams.java:40)
	... 50 more
</failure>
  </testcase>
  <system-out><![CDATA[]]></system-out>
  <system-err><![CDATA[38 [Test worker] INFO me.serendipify.httpclient.SerendipifyMediatorHttpClientImpl - Executing: http://api-dot-serendipify-me.appspot.com/api/group?createNewGroup=&groupName=685109bd-a926-43db-835a-0a053a1bf10e&groupOwnerEmail=test@test.com
8677 [Test worker] INFO me.serendipify.httpclient.SerendipifyMediatorHttpClientImpl - { "createNewGroup":"OK",  "groupName":"http://api-dot-serendipify-me.appspot.com/api/group?getGroupAnalytics=&groupName=685109bd-a926-43db-835a-0a053a1bf10e&groupSession=ce8f37f7-6a14-4cff-a72a-f118f759214a"}
8696 [Test worker] INFO me.serendipify.httpclient.SerendipifyMediatorHttpClientTest - New session id is ce8f37f7-6a14-4cff-a72a-f118f759214a
9697 [Test worker] INFO me.serendipify.httpclient.SerendipifyMediatorHttpClientImpl - Executing: http://api-dot-serendipify-me.appspot.com/api/group?createNewGroup=&groupName=685109bd-a926-43db-835a-0a053a1bf10e&groupOwnerEmail=test@test.com
9911 [Test worker] INFO me.serendipify.httpclient.SerendipifyMediatorHttpClientImpl - { "createNewGroup":"FAILED",  "errorMessage":"Group name already in use"}
9911 [Test worker] INFO me.serendipify.httpclient.SerendipifyMediatorHttpClientTest - Exepected failure: Group name already in use
9913 [Test worker] INFO me.serendipify.httpclient.SerendipifyMediatorHttpClientImpl - Executing: http://api-dot-serendipify-me.appspot.com/api/group?createNewGroup=&groupName=afb3945f-4c6c-4e8f-a014-5be64fdedf0a&groupOwnerEmail=test@test.com
10184 [Test worker] INFO me.serendipify.httpclient.SerendipifyMediatorHttpClientImpl - { "createNewGroup":"OK",  "groupName":"http://api-dot-serendipify-me.appspot.com/api/group?getGroupAnalytics=&groupName=afb3945f-4c6c-4e8f-a014-5be64fdedf0a&groupSession=62d19b6f-8f23-447e-a9e2-2c0b4d50d340"}
10185 [Test worker] INFO me.serendipify.httpclient.SerendipifyMediatorHttpClientImpl - Executing: http://api-dot-serendipify-me.appspot.com/api/group?addUser=&groupName=afb3945f-4c6c-4e8f-a014-5be64fdedf0a&groupSession=62d19b6f-8f23-447e-a9e2-2c0b4d50d340&userContact=test2@test.com
11295 [Test worker] INFO me.serendipify.httpclient.SerendipifyMediatorHttpClientImpl - { "addUser":"OK ", "userName":"http://api-dot-serendipify-me.appspot.com/api/user?getPrefsForGroup=&groupName=afb3945f-4c6c-4e8f-a014-5be64fdedf0a&groupSession=3039aaba-4386-40f6-adda-cd76e5ca19de"}
11303 [Test worker] INFO me.serendipify.httpclient.SerendipifyMediatorHttpClientImpl - Executing: http://api-dot-serendipify-me.appspot.com/api/user?setPrefsForGroup=&groupName=afb3945f-4c6c-4e8f-a014-5be64fdedf0a&userSession=3039aaba-4386-40f6-adda-cd76e5ca19de&prefList=serendipify
11655 [Test worker] INFO me.serendipify.httpclient.SerendipifyMediatorHttpClientImpl - { "setPrefsForGroup":"OK",  "prefs":"http://api-dot-serendipify-me.appspot.com/api/user?getMatchesForGroup=&groupName=afb3945f-4c6c-4e8f-a014-5be64fdedf0a&userSession=3039aaba-4386-40f6-adda-cd76e5ca19de"}
11656 [Test worker] INFO me.serendipify.httpclient.SerendipifyMediatorHttpClientImpl - OK
11657 [Test worker] INFO me.serendipify.httpclient.SerendipifyMediatorHttpClientImpl - http://api-dot-serendipify-me.appspot.com/api/user?getMatchesForGroup=&groupName=afb3945f-4c6c-4e8f-a014-5be64fdedf0a&userSession=3039aaba-4386-40f6-adda-cd76e5ca19de
11657 [Test worker] INFO me.serendipify.httpclient.SerendipifyMediatorHttpClientImpl - Executing: http://api-dot-serendipify-me.appspot.com/api/user?getPrefsForGroup=&groupName=afb3945f-4c6c-4e8f-a014-5be64fdedf0a&userSession=3039aaba-4386-40f6-adda-cd76e5ca19de
11761 [Test worker] INFO me.serendipify.httpclient.SerendipifyMediatorHttpClientImpl - { "getPrefsForGroup":"FAILED",  "errorMessage":"Not a member of groupafb3945f-4c6c-4e8f-a014-5be64fdedf0a"}
11763 [Test worker] INFO me.serendipify.httpclient.SerendipifyMediatorHttpClientImpl - me.serendipify.httpclient.GetPrefsResult@34fbbeff
11766 [Test worker] INFO me.serendipify.httpclient.SerendipifyMediatorHttpClientImpl - Executing: http://api-dot-serendipify-me.appspot.com/api/group?createNewGroup=&groupName=ad451867-7a0c-4c9d-9d55-20b438eb8a29&groupOwnerEmail=test@test.com
12088 [Test worker] INFO me.serendipify.httpclient.SerendipifyMediatorHttpClientImpl - { "createNewGroup":"OK",  "groupName":"http://api-dot-serendipify-me.appspot.com/api/group?getGroupAnalytics=&groupName=ad451867-7a0c-4c9d-9d55-20b438eb8a29&groupSession=cfaf1b8c-cf6c-4175-a074-13a2fc7d5598"}
12089 [Test worker] INFO me.serendipify.httpclient.SerendipifyMediatorHttpClientImpl - Executing: http://api-dot-serendipify-me.appspot.com/api/group?addUser=&groupName=ad451867-7a0c-4c9d-9d55-20b438eb8a29&groupSession=cfaf1b8c-cf6c-4175-a074-13a2fc7d5598&userContact=test2@test.com
12482 [Test worker] INFO me.serendipify.httpclient.SerendipifyMediatorHttpClientImpl - { "addUser":"OK ", "userName":"http://api-dot-serendipify-me.appspot.com/api/user?getPrefsForGroup=&groupName=ad451867-7a0c-4c9d-9d55-20b438eb8a29&groupSession=59b13196-f66b-4a69-bcd3-5d8ac6bce9aa"}
12483 [Test worker] INFO me.serendipify.httpclient.SerendipifyMediatorHttpClientImpl - Executing: http://api-dot-serendipify-me.appspot.com/api/group?addUser=&groupName=ad451867-7a0c-4c9d-9d55-20b438eb8a29&groupSession=cfaf1b8c-cf6c-4175-a074-13a2fc7d5598&userContact=test2@test.com
12905 [Test worker] INFO me.serendipify.httpclient.SerendipifyMediatorHttpClientImpl - { "addUser":"OK ", "userName":"http://api-dot-serendipify-me.appspot.com/api/user?getPrefsForGroup=&groupName=ad451867-7a0c-4c9d-9d55-20b438eb8a29&groupSession=6c211f38-8314-4a2b-84fa-47a5d2eb9bc4"}
12906 [Test worker] INFO me.serendipify.httpclient.SerendipifyMediatorHttpClientImpl - Executing: http://api-dot-serendipify-me.appspot.com/api/group?createNewGroup=&groupName=27b99cff-6215-47a4-baf3-2360e8d21627&groupOwnerEmail=test@test.com
13187 [Test worker] INFO me.serendipify.httpclient.SerendipifyMediatorHttpClientImpl - { "createNewGroup":"OK",  "groupName":"http://api-dot-serendipify-me.appspot.com/api/group?getGroupAnalytics=&groupName=27b99cff-6215-47a4-baf3-2360e8d21627&groupSession=5f64dcb0-f8a2-4a41-a56d-bc78b7122e79"}
13187 [Test worker] INFO me.serendipify.httpclient.SerendipifyMediatorHttpClientImpl - Executing: http://api-dot-serendipify-me.appspot.com/api/group?addUser=&groupName=27b99cff-6215-47a4-baf3-2360e8d21627&groupSession=5f64dcb0-f8a2-4a41-a56d-bc78b7122e79&userContact=test2@test.com
13593 [Test worker] INFO me.serendipify.httpclient.SerendipifyMediatorHttpClientImpl - { "addUser":"OK ", "userName":"http://api-dot-serendipify-me.appspot.com/api/user?getPrefsForGroup=&groupName=27b99cff-6215-47a4-baf3-2360e8d21627&groupSession=aa815cd8-2711-4956-b3b4-251266163f31"}
13593 [Test worker] INFO me.serendipify.httpclient.SerendipifyMediatorHttpClientImpl - Executing: http://api-dot-serendipify-me.appspot.com/api/user?setPrefsForGroup=&groupName=27b99cff-6215-47a4-baf3-2360e8d21627&userSession=aa815cd8-2711-4956-b3b4-251266163f31&prefList=serendipify
13839 [Test worker] INFO me.serendipify.httpclient.SerendipifyMediatorHttpClientImpl - { "setPrefsForGroup":"OK",  "prefs":"http://api-dot-serendipify-me.appspot.com/api/user?getMatchesForGroup=&groupName=27b99cff-6215-47a4-baf3-2360e8d21627&userSession=aa815cd8-2711-4956-b3b4-251266163f31"}
13839 [Test worker] INFO me.serendipify.httpclient.SerendipifyMediatorHttpClientImpl - OK
13840 [Test worker] INFO me.serendipify.httpclient.SerendipifyMediatorHttpClientImpl - http://api-dot-serendipify-me.appspot.com/api/user?getMatchesForGroup=&groupName=27b99cff-6215-47a4-baf3-2360e8d21627&userSession=aa815cd8-2711-4956-b3b4-251266163f31
13840 [Test worker] INFO me.serendipify.httpclient.SerendipifyMediatorHttpClientImpl - Executing: http://api-dot-serendipify-me.appspot.com/api/user?getPrefsForGroup=&groupName=27b99cff-6215-47a4-baf3-2360e8d21627&userSession=aa815cd8-2711-4956-b3b4-251266163f31
14072 [Test worker] INFO me.serendipify.httpclient.SerendipifyMediatorHttpClientImpl - { "getPrefsForGroup":"OK ", "prefs": ["serendipify"]}
14075 [Test worker] INFO me.serendipify.httpclient.SerendipifyMediatorHttpClientImpl - me.serendipify.httpclient.GetPrefsResult@62db806b
14075 [Test worker] INFO me.serendipify.httpclient.SerendipifyMediatorHttpClientImpl - Executing: http://api-dot-serendipify-me.appspot.com/api/user?getMatchesForGroup=&groupName=27b99cff-6215-47a4-baf3-2360e8d21627&userSession=aa815cd8-2711-4956-b3b4-251266163f31
14198 [Test worker] INFO me.serendipify.httpclient.SerendipifyMediatorHttpClientImpl - { "getMatchesForGroup":"OK",  "matches":"{"serendipify":[]}"}
]]></system-err>
</testsuite>
